TN:
SF:C:\Users\anhkh\challenges\Team_Profile_Generator\lib\engineer.js
FN:4,(anonymous_0)
FN:11,(anonymous_1)
FN:16,(anonymous_2)
FN:21,(anonymous_3)
FNF:4
FNH:2
FNDA:1,(anonymous_0)
FNDA:1,(anonymous_1)
FNDA:0,(anonymous_2)
FNDA:0,(anonymous_3)
DA:1,1
DA:5,1
DA:6,1
DA:7,1
DA:8,1
DA:12,1
DA:17,0
DA:22,0
DA:40,1
LF:9
LH:7
BRF:0
BRH:0
end_of_record
TN:
SF:C:\Users\anhkh\challenges\Team_Profile_Generator\lib\intern.js
FN:5,(anonymous_0)
FN:12,(anonymous_1)
FN:16,(anonymous_2)
FN:20,(anonymous_3)
FNF:4
FNH:2
FNDA:1,(anonymous_0)
FNDA:0,(anonymous_1)
FNDA:1,(anonymous_2)
FNDA:0,(anonymous_3)
DA:1,1
DA:6,1
DA:7,1
DA:8,1
DA:9,1
DA:13,0
DA:17,1
DA:21,0
DA:38,1
LF:9
LH:7
BRF:0
BRH:0
end_of_record
TN:
SF:C:\Users\anhkh\challenges\Team_Profile_Generator\lib\manager.js
FN:3,(anonymous_0)
FN:11,(anonymous_1)
FN:16,(anonymous_2)
FN:22,(anonymous_3)
FNF:4
FNH:3
FNDA:2,(anonymous_0)
FNDA:0,(anonymous_1)
FNDA:2,(anonymous_2)
FNDA:1,(anonymous_3)
DA:1,1
DA:4,2
DA:5,2
DA:6,2
DA:7,2
DA:13,0
DA:17,2
DA:23,1
DA:56,1
LF:9
LH:8
BRF:0
BRH:0
end_of_record
